[14-Feb-2025 16:45:43 Europe/Berlin] stdClass Object
(
    [email] => tudor@gmail.com
    [password] => Holamundo1
)

[14-Feb-2025 16:47:20 Europe/Berlin] stdClass Object
(
    [nombre] => Tudor
    [email] => tudor@gmail.com
    [password] => Holamundo1
)

[14-Feb-2025 16:47:44 Europe/Berlin] stdClass Object
(
    [nombre] => Tudor
    [email] => tudor@gmail.com
    [password] => Holamundo1
)

[14-Feb-2025 16:50:04 Europe/Berlin] stdClass Object
(
    [nombre] => david
    [email] => david@gmail.com
    [password] => Holamundo1
)

[17-Feb-2025 18:07:53 Europe/Berlin] stdClass Object
(
    [nombre] => maria
    [email] => maria@gmail.com
    [password] => Holamundo1
)

[17-Feb-2025 18:07:57 Europe/Berlin] stdClass Object
(
    [nombre] => maria
    [email] => maria@gmail.com
    [password] => Holamundo1
)

[17-Feb-2025 18:08:01 Europe/Berlin] stdClass Object
(
    [nombre] => maria
    [email] => maria@gmail.com
    [password] => Holamundo1
)

[17-Feb-2025 18:08:05 Europe/Berlin] stdClass Object
(
    [nombre] => maria
    [email] => maria@gmail.com
    [password] => Holamundo1
)

